<?xml version="1.0" encoding="UTF-8"?>
<!-- Generated by org.testng.reporters.JUnitReportReporter -->
<testsuite hostname="DESKTOP-LVOD7TK" name="Academy.ValidateTittleTest" tests="1" failures="0" timestamp="9 Nov 2020 10:27:23 GMT" time="0.058" errors="0">
  <testcase name="validateTitle" time="0.058" classname="Academy.ValidateTittleTest"/>
</testsuite> <!-- Academy.ValidateTittleTest -->
