<?xml version="1.0" encoding="UTF-8"?>
<!-- Generated by org.testng.reporters.JUnitReportReporter -->
<testsuite hostname="DESKTOP-LVOD7TK" name="Academy.HomePageTest" tests="2" failures="0" timestamp="9 Nov 2020 10:27:23 GMT" time="31.327" errors="0">
  <testcase name="basePageNavigation" time="18.080" classname="Academy.HomePageTest"/>
  <testcase name="basePageNavigation" time="13.247" classname="Academy.HomePageTest"/>
</testsuite> <!-- Academy.HomePageTest -->
