<?xml version="1.0" encoding="UTF-8"?>
<!-- Generated by org.testng.reporters.JUnitReportReporter -->
<testsuite hostname="DESKTOP-LVOD7TK" name="Academy.ValidateNavigationBarTest" tests="1" failures="0" timestamp="9 Nov 2020 10:27:23 GMT" time="0.079" errors="0">
  <testcase name="ValidateNavBar" time="0.079" classname="Academy.ValidateNavigationBarTest"/>
</testsuite> <!-- Academy.ValidateNavigationBarTest -->
