<?xml version="1.0" encoding="UTF-8"?>
<!-- Generated by org.testng.reporters.JUnitReportReporter -->
<testsuite hostname="DESKTOP-LVOD7TK" name="Academy.AppTest" tests="1" failures="0" timestamp="9 Nov 2020 10:27:24 GMT" time="0.002" errors="0">
  <testcase name="shouldAnswerWithTrue" time="0.002" classname="Academy.AppTest"/>
</testsuite> <!-- Academy.AppTest -->
