<?xml version="1.0" encoding="UTF-8"?>
<!-- Generated by org.testng.reporters.JUnitReportReporter -->
<testsuite hostname="DESKTOP-LVOD7TK" name="Academy.HomePageTest" tests="2" failures="0" timestamp="11 Nov 2020 05:32:36 GMT" time="68.742" errors="0">
  <testcase name="basePageNavigation" time="59.474" classname="Academy.HomePageTest"/>
  <testcase name="basePageNavigation" time="9.268" classname="Academy.HomePageTest"/>
</testsuite> <!-- Academy.HomePageTest -->
