<?xml version="1.0" encoding="UTF-8"?>
<!-- Generated by org.testng.reporters.JUnitReportReporter -->
<testsuite hostname="DESKTOP-LVOD7TK" name="cucumberOptions.TestRunner" tests="2" failures="0" timestamp="11 Nov 2020 07:43:35 GMT" time="85.172" errors="0">
  <testcase name="runScenario" time="58.383" classname="cucumberOptions.TestRunner"/>
  <testcase name="runScenario" time="26.789" classname="cucumberOptions.TestRunner"/>
</testsuite> <!-- cucumberOptions.TestRunner -->
