<?xml version="1.0" encoding="UTF-8"?>
<!-- Generated by org.testng.reporters.JUnitReportReporter -->
<testsuite hostname="DESKTOP-LVOD7TK" name="Academy.HomePageTest" tests="2" failures="0" timestamp="11 Nov 2020 07:48:12 GMT" time="147.678" errors="0">
  <testcase name="basePageNavigation" time="101.779" classname="Academy.HomePageTest"/>
  <testcase name="basePageNavigation" time="45.899" classname="Academy.HomePageTest"/>
</testsuite> <!-- Academy.HomePageTest -->
