<?xml version="1.0" encoding="UTF-8"?>
<!-- Generated by org.testng.reporters.JUnitReportReporter -->
<testsuite hostname="DESKTOP-LVOD7TK" name="cucumberOptions.TestRunner" tests="2" failures="0" timestamp="11 Nov 2020 07:55:18 GMT" time="29.151" errors="0">
  <testcase name="runScenario" time="19.913" classname="cucumberOptions.TestRunner"/>
  <testcase name="runScenario" time="9.238" classname="cucumberOptions.TestRunner"/>
</testsuite> <!-- cucumberOptions.TestRunner -->
